[03.12.2023-19:3301] INFO     [main.py:20 Инициализация прошла
[03.12.2023-19:3305] INFO     [main.py:99 Драйвер получен
[03.12.2023-19:3319] INFO     [main.py:105 Куки загружены
[03.12.2023-19:3319] INFO     [main.py:108 URL https://www.instagram.com/xudozhka39/ загружен
[03.12.2023-19:3345] INFO     [main.py:137 Кнопка ПОДПИСЧИКИ нажата
[03.12.2023-19:3350] INFO     [main.py:172 Чтение списка существующих ссылко успешно
[03.12.2023-19:3350] INFO     [main.py:146 Собрано 0 ссылок
[03.12.2023-19:3352] INFO     [main.py:146 Собрано 1 ссылок
[03.12.2023-19:3353] INFO     [main.py:146 Собрано 1 ссылок
[03.12.2023-19:3355] INFO     [main.py:146 Собрано 1 ссылок
[03.12.2023-19:3356] INFO     [main.py:146 Собрано 1 ссылок
[03.12.2023-19:3358] INFO     [main.py:146 Собрано 1 ссылок
[03.12.2023-19:3400] INFO     [main.py:146 Собрано 1 ссылок
[03.12.2023-19:3401] INFO     [main.py:146 Собрано 1 ссылок
[03.12.2023-19:3403] INFO     [main.py:146 Собрано 1 ссылок
[03.12.2023-19:3404] INFO     [main.py:146 Собрано 1 ссылок
[03.12.2023-19:3406] INFO     [main.py:146 Собрано 1 ссылок
[03.12.2023-19:3408] INFO     [main.py:146 Собрано 1 ссылок
[03.12.2023-19:3410] INFO     [main.py:146 Собрано 1 ссылок
[03.12.2023-19:3411] INFO     [main.py:146 Собрано 1 ссылок
[03.12.2023-19:3413] INFO     [main.py:146 Собрано 1 ссылок
[03.12.2023-19:3415] INFO     [main.py:146 Собрано 1 ссылок
[03.12.2023-19:3416] INFO     [main.py:146 Собрано 1 ссылок
[03.12.2023-19:3418] INFO     [main.py:146 Собрано 1 ссылок
[03.12.2023-19:3419] INFO     [main.py:146 Собрано 1 ссылок
[03.12.2023-19:3421] INFO     [main.py:146 Собрано 1 ссылок
[03.12.2023-19:3422] INFO     [main.py:146 Собрано 1 ссылок
[03.12.2023-19:3424] INFO     [main.py:146 Собрано 1 ссылок
[03.12.2023-19:3426] INFO     [main.py:146 Собрано 1 ссылок
[03.12.2023-19:3428] INFO     [main.py:146 Собрано 1 ссылок
[03.12.2023-19:3429] INFO     [main.py:146 Собрано 1 ссылок
[03.12.2023-19:3431] INFO     [main.py:146 Собрано 1 ссылок
[03.12.2023-19:3432] INFO     [main.py:146 Собрано 1 ссылок
[03.12.2023-19:3434] INFO     [main.py:146 Собрано 1 ссылок
[03.12.2023-19:3436] INFO     [main.py:146 Собрано 1 ссылок
[03.12.2023-19:3437] INFO     [main.py:146 Собрано 1 ссылок
[03.12.2023-19:3439] INFO     [main.py:146 Собрано 1 ссылок
[03.12.2023-19:3440] INFO     [main.py:146 Собрано 1 ссылок
[03.12.2023-19:3442] INFO     [main.py:146 Собрано 1 ссылок
[03.12.2023-19:3444] INFO     [main.py:146 Собрано 1 ссылок
[03.12.2023-19:3445] INFO     [main.py:146 Собрано 1 ссылок
[03.12.2023-19:3447] INFO     [main.py:146 Собрано 1 ссылок
[03.12.2023-19:3449] INFO     [main.py:146 Собрано 1 ссылок
[03.12.2023-19:3451] INFO     [main.py:146 Собрано 1 ссылок
[03.12.2023-19:3453] INFO     [main.py:146 Собрано 1 ссылок
[03.12.2023-19:3454] INFO     [main.py:146 Собрано 1 ссылок
[03.12.2023-19:3456] INFO     [main.py:146 Собрано 1 ссылок
[03.12.2023-19:3458] INFO     [main.py:146 Собрано 1 ссылок
[03.12.2023-19:3500] INFO     [main.py:146 Собрано 1 ссылок
[03.12.2023-19:3502] INFO     [main.py:146 Собрано 1 ссылок
[03.12.2023-19:3503] INFO     [main.py:146 Собрано 1 ссылок
[03.12.2023-19:3505] INFO     [main.py:146 Собрано 1 ссылок
[03.12.2023-19:3507] INFO     [main.py:146 Собрано 1 ссылок
[03.12.2023-19:3509] INFO     [main.py:146 Собрано 1 ссылок
[03.12.2023-19:3510] INFO     [main.py:146 Собрано 1 ссылок
[03.12.2023-19:3512] INFO     [main.py:146 Собрано 1 ссылок
[03.12.2023-19:3514] INFO     [main.py:146 Собрано 1 ссылок
[03.12.2023-19:3515] INFO     [main.py:146 Собрано 1 ссылок
[03.12.2023-19:3517] INFO     [main.py:146 Собрано 1 ссылок
[03.12.2023-19:3518] INFO     [main.py:146 Собрано 1 ссылок
[03.12.2023-19:3520] INFO     [main.py:146 Собрано 1 ссылок
[03.12.2023-19:3522] INFO     [main.py:146 Собрано 1 ссылок
[03.12.2023-19:3523] INFO     [main.py:146 Собрано 1 ссылок
[03.12.2023-19:3525] INFO     [main.py:146 Собрано 1 ссылок
[03.12.2023-19:3527] INFO     [main.py:146 Собрано 1 ссылок
[03.12.2023-19:3528] INFO     [main.py:146 Собрано 1 ссылок
[03.12.2023-19:3530] INFO     [main.py:146 Собрано 1 ссылок
[03.12.2023-19:3532] INFO     [main.py:146 Собрано 1 ссылок
[03.12.2023-19:3533] INFO     [main.py:146 Собрано 1 ссылок
[03.12.2023-19:3535] INFO     [main.py:146 Собрано 1 ссылок
[03.12.2023-19:3537] INFO     [main.py:146 Собрано 1 ссылок
[03.12.2023-19:3540] INFO     [main.py:146 Собрано 1 ссылок
[03.12.2023-19:3542] INFO     [main.py:146 Собрано 1 ссылок
[03.12.2023-19:3543] INFO     [main.py:146 Собрано 1 ссылок
[03.12.2023-19:3545] INFO     [main.py:146 Собрано 1 ссылок
[03.12.2023-19:3546] INFO     [main.py:146 Собрано 1 ссылок
[03.12.2023-19:3546] INFO     [main.py:158 Ошибка при парсинге.. Message: no such window: target window already closed
from unknown error: web view not found
  (Session info: chrome=114.0.5735.134)
Stacktrace:
Backtrace:
	GetHandleVerifier [0x005EA813+48355]
	(No symbol) [0x0057C4B1]
	(No symbol) [0x00485358]
	(No symbol) [0x0046D293]
	(No symbol) [0x004CE37B]
	(No symbol) [0x004DC473]
	(No symbol) [0x004CA536]
	(No symbol) [0x004A82DC]
	(No symbol) [0x004A93DD]
	GetHandleVerifier [0x0084AABD+2539405]
	GetHandleVerifier [0x0088A78F+2800735]
	GetHandleVerifier [0x0088456C+2775612]
	GetHandleVerifier [0x006751E0+616112]
	(No symbol) [0x00585F8C]
	(No symbol) [0x00582328]
	(No symbol) [0x0058240B]
	(No symbol) [0x00574FF7]
	BaseThreadInitThunk [0x764A7BA9+25]
	RtlInitializeExceptionChain [0x770FBD2B+107]
	RtlClearBits [0x770FBCAF+191]

[03.12.2023-19:3546] INFO     [main.py:183 Успешная запись в файл urls.txt
[03.12.2023-19:3546] INFO     [main.py:183 Успешная запись в файл urls.txt
